<?xml version="1.0" encoding="UTF-8"?>
<!-- Generated by org.testng.reporters.JUnitReportReporter -->
<testsuite hostname="LP001208" failures="0" tests="1" name="TestClass" time="6.916" errors="0" timestamp="2023-09-15T05:33:12 IST" skipped="0">
  <testcase classname="TestClass" name="testGoogleSearch" time="6.916"/>
  <system-out/>
</testsuite> <!-- TestClass -->
